<?xml version="1.0" encoding="UTF-8"?>
<!-- Generated by org.testng.reporters.JUnitReportReporter -->
<testsuite hostname="Prashant-Lenevo" failures="0" tests="1" name="acti.pages.Enterpage12" time="4.232" errors="0" timestamp="2022-08-29T16:51:52 EDT" skipped="0">
  <testcase classname="acti.pages.Enterpage12" name="init_driver" time="4.232"/>
  <system-out/>
</testsuite> <!-- acti.pages.Enterpage12 -->
