<?xml version="1.0" encoding="UTF-8"?>
<!-- Generated by org.testng.reporters.JUnitReportReporter -->
<testsuite hostname="Prashant-Lenevo" failures="0" tests="1" name="acti.tests.Loginpagetests" time="8.958" errors="0" timestamp="2022-07-28T11:57:56 EDT" skipped="0">
  <testcase classname="acti.tests.Loginpagetests" name="init_driver" time="8.958"/>
  <system-out/>
</testsuite> <!-- acti.tests.Loginpagetests -->
