<?xml version="1.0" encoding="UTF-8"?>
<!-- Generated by org.testng.reporters.JUnitReportReporter -->
<testsuite hostname="Prashant-Lenevo" failures="0" tests="1" name="acti.driver.DriverManager" time="4.169" errors="0" timestamp="2022-07-29T21:19:06 EDT" skipped="0">
  <testcase classname="acti.driver.DriverManager" name="init_driver" time="4.169"/>
  <system-out/>
</testsuite> <!-- acti.driver.DriverManager -->
