<?xml version="1.0" encoding="UTF-8"?>
<!-- Generated by org.testng.reporters.JUnitReportReporter -->
<testsuite hostname="Prashant-Lenevo" failures="0" tests="1" name="acti.utils.Helper1" time="5.151" errors="0" timestamp="2022-08-30T16:56:39 EDT" skipped="0">
  <testcase classname="acti.utils.Helper1" name="init_driver" time="5.151"/>
  <system-out/>
</testsuite> <!-- acti.utils.Helper1 -->
