<?xml version="1.0" encoding="UTF-8"?>
<!-- Generated by org.testng.reporters.JUnitReportReporter -->
<testsuite hostname="Prashant-Lenevo" failures="0" tests="1" name="acti.pages.Taskpage122" time="4.523" errors="0" timestamp="2022-08-30T10:06:31 EDT" skipped="0">
  <testcase classname="acti.pages.Taskpage122" name="init_driver" time="4.523"/>
  <system-out/>
</testsuite> <!-- acti.pages.Taskpage122 -->
