<?xml version="1.0" encoding="UTF-8"?>
<!-- Generated by org.testng.reporters.JUnitReportReporter -->
<testsuite hostname="Prashant-Lenevo" failures="0" tests="1" name="Assertdemo.program1" time="0.012" errors="0" timestamp="2022-07-29T21:19:06 EDT" skipped="0">
  <testcase classname="Assertdemo.program1" name="test" time="0.012"/>
  <system-out/>
</testsuite> <!-- Assertdemo.program1 -->
