<?xml version="1.0" encoding="UTF-8"?>
<!-- Generated by org.testng.reporters.JUnitReportReporter -->
<testsuite hostname="Prashant-Lenevo" failures="0" tests="1" name="acti.pages.LoginPage" time="3.884" errors="0" timestamp="2022-07-29T12:05:39 EDT" skipped="0">
  <testcase classname="acti.pages.LoginPage" name="init_driver" time="3.884"/>
  <system-out/>
</testsuite> <!-- acti.pages.LoginPage -->
