<?xml version="1.0" encoding="UTF-8"?>
<!-- Generated by org.testng.reporters.JUnitReportReporter -->
<testsuite hostname="Prashant-Lenevo" failures="0" tests="3" name="acti.tests.TaskTests" time="39.081" errors="0" timestamp="2022-07-28T20:27:49 EDT" skipped="0">
  <testcase classname="acti.tests.TaskTests" name="init_driver" time="7.578"/>
  <system-out/>
  <testcase classname="acti.tests.TaskTests" name="createcustomer" time="14.453"/>
  <system-out/>
  <testcase classname="acti.tests.TaskTests" name="testdeletecustomer" time="17.050"/>
  <system-out/>
</testsuite> <!-- acti.tests.TaskTests -->
