<?xml version="1.0" encoding="UTF-8"?>
<!-- Generated by org.testng.reporters.JUnitReportReporter -->
<testsuite hostname="Prashant-Lenevo" failures="0" tests="1" name="acti.tests.Taskpage12" time="4.204" errors="0" timestamp="2022-08-29T09:36:23 EDT" skipped="0">
  <testcase classname="acti.tests.Taskpage12" name="init_driver" time="4.204"/>
  <system-out/>
</testsuite> <!-- acti.tests.Taskpage12 -->
