<?xml version="1.0" encoding="UTF-8"?>
<!-- Generated by org.testng.reporters.JUnitReportReporter -->
<testsuite hostname="Prashant-Lenevo" failures="0" tests="3" name="acti.tests.Taskpagetest122" time="42.114" errors="0" timestamp="2022-08-30T10:31:07 EDT" skipped="0">
  <testcase classname="acti.tests.Taskpagetest122" name="init_driver" time="9.619"/>
  <system-out/>
  <testcase classname="acti.tests.Taskpagetest122" name="testcreatecustomer" time="15.198"/>
  <system-out/>
  <testcase classname="acti.tests.Taskpagetest122" name="testdeletecustomer" time="17.297"/>
  <system-out/>
</testsuite> <!-- acti.tests.Taskpagetest122 -->
