<?xml version="1.0" encoding="UTF-8"?>
<!-- Generated by org.testng.reporters.JUnitReportReporter -->
<testsuite hostname="Prashant-Lenevo" failures="0" tests="3" name="acti.tests.TaskTests" time="37.996" errors="0" timestamp="2022-07-29T21:19:06 EDT" skipped="0">
  <testcase classname="acti.tests.TaskTests" name="testdeletecustomer" time="16.024"/>
  <system-out/>
  <testcase classname="acti.tests.TaskTests" name="createcustomer" time="13.274"/>
  <system-out/>
  <testcase classname="acti.tests.TaskTests" name="init_driver" time="8.698"/>
  <system-out/>
</testsuite> <!-- acti.tests.TaskTests -->
