<?xml version="1.0" encoding="UTF-8"?>
<!-- Generated by org.testng.reporters.JUnitReportReporter -->
<testsuite hostname="Prashant-Lenevo" failures="0" tests="1" name="acti.pages.TaskPage" time="3.752" errors="0" timestamp="2022-07-28T21:25:30 EDT" skipped="0">
  <testcase classname="acti.pages.TaskPage" name="init_driver" time="3.752"/>
  <system-out/>
</testsuite> <!-- acti.pages.TaskPage -->
