<?xml version="1.0" encoding="UTF-8"?>
<!-- Generated by org.testng.reporters.JUnitReportReporter -->
<testsuite hostname="Prashant-Lenevo" failures="0" tests="5" name="acti.tests.Loginpagetests" time="27.283" errors="0" timestamp="2022-07-30T17:06:43 EDT" skipped="1">
  <testcase classname="acti.tests.Loginpagetests" name="init_driver" time="7.536"/>
  <system-out/>
  <testcase classname="acti.tests.Loginpagetests" name="testActiveLogoisDisplayed" time="6.194"/>
  <system-out/>
  <testcase classname="acti.tests.Loginpagetests" name="testLoginPageTitle" time="4.040"/>
  <system-out/>
  <testcase classname="acti.tests.Loginpagetests" name="testForgotPasswordLink" time="9.513"/>
  <system-out/>
  <testcase classname="acti.tests.Loginpagetests" name="testLoginFunction" time="0.000">
    <skipped/>
  </testcase> <!-- testLoginFunction -->
  <system-out/>
</testsuite> <!-- acti.tests.Loginpagetests -->
