<?xml version="1.0" encoding="UTF-8"?>
<!-- Generated by org.testng.reporters.JUnitReportReporter -->
<testsuite hostname="Prashant-Lenevo" failures="0" tests="1" name="acti.pages.Loginpag12" time="4.306" errors="0" timestamp="2022-08-28T22:03:28 EDT" skipped="0">
  <testcase classname="acti.pages.Loginpag12" name="init_driver" time="4.306"/>
  <system-out/>
</testsuite> <!-- acti.pages.Loginpag12 -->
