<?xml version="1.0" encoding="UTF-8"?>
<!-- Generated by org.testng.reporters.JUnitReportReporter -->
<testsuite hostname="Prashant-Lenevo" failures="0" tests="1" name="acti.pages.EnterPage" time="4.337" errors="0" timestamp="2022-07-27T18:21:18 EDT" skipped="0">
  <testcase classname="acti.pages.EnterPage" name="init_driver" time="4.337"/>
  <system-out/>
</testsuite> <!-- acti.pages.EnterPage -->
