<?xml version="1.0" encoding="UTF-8"?>
<!-- Generated by org.testng.reporters.JUnitReportReporter -->
<testsuite hostname="Prashant-Lenevo" failures="0" tests="10" name="acti.tests.Loginpagetests12" time="91.210" errors="0" timestamp="2022-08-30T10:26:30 EDT" skipped="0">
  <testcase classname="acti.tests.Loginpagetests12" name="init_driver" time="13.213"/>
  <system-out/>
  <testcase classname="acti.tests.Loginpagetests12" name="testLoginPageTitle" time="6.853"/>
  <system-out/>
  <testcase classname="acti.tests.Loginpagetests12" name="testForgotPasswordLink" time="7.885"/>
  <system-out/>
  <testcase classname="acti.tests.Loginpagetests12" name="testActiveLogoisDisplayed" time="8.578"/>
  <system-out/>
  <testcase classname="acti.tests.Loginpagetests12" name="testLoginFunction" time="8.465"/>
  <system-out/>
  <testcase classname="acti.tests.Loginpagetests12" name="testLoginFunction" time="8.606"/>
  <system-out/>
  <testcase classname="acti.tests.Loginpagetests12" name="testLoginFunction" time="8.388"/>
  <system-out/>
  <testcase classname="acti.tests.Loginpagetests12" name="testLoginFunction" time="9.768"/>
  <system-out/>
  <testcase classname="acti.tests.Loginpagetests12" name="testLoginFunction" time="8.862"/>
  <system-out/>
  <testcase classname="acti.tests.Loginpagetests12" name="testLoginFunction" time="10.592"/>
  <system-out/>
</testsuite> <!-- acti.tests.Loginpagetests12 -->
