<?xml version="1.0" encoding="UTF-8"?>
<!-- Generated by org.testng.reporters.JUnitReportReporter -->
<testsuite hostname="Prashant-Lenevo" failures="0" tests="1" name="acti.utils.Helper" time="4.361" errors="0" timestamp="2022-07-31T14:58:22 EDT" skipped="0">
  <testcase classname="acti.utils.Helper" name="init_driver" time="4.361"/>
  <system-out/>
</testsuite> <!-- acti.utils.Helper -->
