<?xml version="1.0" encoding="UTF-8"?>
<!-- Generated by org.testng.reporters.JUnitReportReporter -->
<testsuite hostname="Prashant-Lenevo" failures="0" tests="3" name="acti.tests.TaskTests" time="44.776" errors="0" timestamp="2022-07-29T21:06:42 EDT" skipped="0">
  <testcase classname="acti.tests.TaskTests" name="init_driver" time="10.756"/>
  <system-out/>
  <testcase classname="acti.tests.TaskTests" name="createcustomer" time="16.387"/>
  <system-out/>
  <testcase classname="acti.tests.TaskTests" name="testdeletecustomer" time="17.633"/>
  <system-out/>
</testsuite> <!-- acti.tests.TaskTests -->
