<?xml version="1.0" encoding="UTF-8"?>
<!-- Generated by org.testng.reporters.JUnitReportReporter -->
<testsuite hostname="Prashant-Lenevo" failures="0" tests="1" name="acti.tests.BaseTests" time="8.798" errors="0" timestamp="2022-07-27T20:49:18 EDT" skipped="0">
  <testcase classname="acti.tests.BaseTests" name="init_driver" time="8.798"/>
  <system-out/>
</testsuite> <!-- acti.tests.BaseTests -->
