<?xml version="1.0" encoding="UTF-8"?>
<!-- Generated by org.testng.reporters.JUnitReportReporter -->
<testsuite hostname="Prashant-Lenevo" failures="0" tests="3" name="acti.tests.Taskpagetest122" time="51.182" errors="0" timestamp="2022-08-30T16:14:45 EDT" skipped="0">
  <testcase classname="acti.tests.Taskpagetest122" name="init_driver" time="10.210"/>
  <system-out/>
  <testcase classname="acti.tests.Taskpagetest122" name="testcreatecustomer" time="19.160"/>
  <system-out/>
  <testcase classname="acti.tests.Taskpagetest122" name="testdeletecustomer" time="21.812"/>
  <system-out/>
</testsuite> <!-- acti.tests.Taskpagetest122 -->
