<?xml version="1.0" encoding="UTF-8"?>
<!-- Generated by org.testng.reporters.JUnitReportReporter -->
<testsuite hostname="Prashant-Lenevo" failures="0" tests="1" name="acti.tests.Loginpagetests" time="9.518" errors="0" timestamp="2022-07-27T20:49:18 EDT" skipped="0">
  <testcase classname="acti.tests.Loginpagetests" name="init_driver" time="9.518"/>
  <system-out/>
</testsuite> <!-- acti.tests.Loginpagetests -->
